[0.219s] DEBUG:colcon:Command line arguments: ['/usr/bin/colcon', 'build']
[0.219s] DEBUG:colcon:Parsed command line arguments: Namespace(log_base=None, log_level=None, verb_name='build', build_base='build', install_base='install', merge_install=False, symlink_install=False, test_result_base=None, continue_on_error=False, executor='parallel', parallel_workers=8, event_handlers=None, ignore_user_meta=False, metas=['./colcon.meta'], base_paths=['.'], packages_ignore=None, packages_ignore_regex=None, paths=None, packages_up_to=None, packages_up_to_regex=None, packages_above=None, packages_above_and_dependencies=None, packages_above_depth=None, packages_select_by_dep=None, packages_skip_by_dep=None, packages_skip_up_to=None, packages_select_build_failed=False, packages_skip_build_finished=False, packages_select_test_failures=False, packages_skip_test_passed=False, packages_select=None, packages_skip=None, packages_select_regex=None, packages_skip_regex=None, packages_start=None, packages_end=None, allow_overriding=[], cmake_args=None, cmake_target=None, cmake_target_skip_unavailable=False, cmake_clean_cache=False, cmake_clean_first=False, cmake_force_configure=False, ament_cmake_args=None, catkin_cmake_args=None, catkin_skip_building_tests=False, mixin_files=None, mixin=None, verb_parser=<colcon_mixin.mixin.mixin_argument.MixinArgumentDecorator object at 0x7c34ab75eb30>, verb_extension=<colcon_core.verb.build.BuildVerb object at 0x7c34ab7188e0>, main=<bound method BuildVerb.main of <colcon_core.verb.build.BuildVerb object at 0x7c34ab7188e0>>, mixin_verb=('build',))
[0.536s] Level 1:colcon.colcon_core.package_discovery:discover_packages(colcon_meta) check parameters
[0.536s] Level 1:colcon.colcon_core.package_discovery:discover_packages(recursive) check parameters
[0.536s] Level 1:colcon.colcon_core.package_discovery:discover_packages(ignore) check parameters
[0.536s] Level 1:colcon.colcon_core.package_discovery:discover_packages(path) check parameters
[0.536s] Level 1:colcon.colcon_core.package_discovery:discover_packages(colcon_meta) discover
[0.536s] Level 1:colcon.colcon_core.package_discovery:discover_packages(recursive) discover
[0.536s] INFO:colcon.colcon_core.package_discovery:Crawling recursively for packages in '/home/user/AetherPlan/simulation'
[0.536s] Level 1:colcon.colcon_core.package_identification:_identify(.) by extensions ['ignore', 'ignore_ament_install']
[0.536s] Level 1:colcon.colcon_core.package_identification:_identify(.) by extension 'ignore'
[0.536s] Level 1:colcon.colcon_core.package_identification:_identify(.) by extension 'ignore_ament_install'
[0.536s] Level 1:colcon.colcon_core.package_identification:_identify(.) by extensions ['colcon_pkg']
[0.536s] Level 1:colcon.colcon_core.package_identification:_identify(.) by extension 'colcon_pkg'
[0.536s] Level 1:colcon.colcon_core.package_identification:_identify(.) by extensions ['colcon_meta']
[0.536s] Level 1:colcon.colcon_core.package_identification:_identify(.) by extension 'colcon_meta'
[0.536s] Level 1:colcon.colcon_core.package_identification:_identify(.) by extensions ['ros']
[0.536s] Level 1:colcon.colcon_core.package_identification:_identify(.) by extension 'ros'
[0.549s] Level 1:colcon.colcon_core.package_identification:_identify(.) by extensions ['cmake', 'python']
[0.549s] Level 1:colcon.colcon_core.package_identification:_identify(.) by extension 'cmake'
[0.549s] Level 1:colcon.colcon_core.package_identification:_identify(.) by extension 'python'
[0.549s] Level 1:colcon.colcon_core.package_identification:_identify(.) by extensions ['python_setup_py']
[0.549s] Level 1:colcon.colcon_core.package_identification:_identify(.) by extension 'python_setup_py'
[0.550s] Level 1:colcon.colcon_core.package_identification:_identify(build) by extensions ['ignore', 'ignore_ament_install']
[0.550s] Level 1:colcon.colcon_core.package_identification:_identify(build) by extension 'ignore'
[0.550s] Level 1:colcon.colcon_core.package_identification:_identify(build) ignored
[0.550s] Level 1:colcon.colcon_core.package_identification:_identify(install) by extensions ['ignore', 'ignore_ament_install']
[0.550s] Level 1:colcon.colcon_core.package_identification:_identify(install) by extension 'ignore'
[0.550s] Level 1:colcon.colcon_core.package_identification:_identify(install) ignored
[0.550s] Level 1:colcon.colcon_core.package_identification:_identify(log) by extensions ['ignore', 'ignore_ament_install']
[0.550s] Level 1:colcon.colcon_core.package_identification:_identify(log) by extension 'ignore'
[0.550s] Level 1:colcon.colcon_core.package_identification:_identify(log) ignored
[0.550s] Level 1:colcon.colcon_core.package_identification:_identify(scenes) by extensions ['ignore', 'ignore_ament_install']
[0.551s] Level 1:colcon.colcon_core.package_identification:_identify(scenes) by extension 'ignore'
[0.551s] Level 1:colcon.colcon_core.package_identification:_identify(scenes) by extension 'ignore_ament_install'
[0.551s] Level 1:colcon.colcon_core.package_identification:_identify(scenes) by extensions ['colcon_pkg']
[0.551s] Level 1:colcon.colcon_core.package_identification:_identify(scenes) by extension 'colcon_pkg'
[0.551s] Level 1:colcon.colcon_core.package_identification:_identify(scenes) by extensions ['colcon_meta']
[0.551s] Level 1:colcon.colcon_core.package_identification:_identify(scenes) by extension 'colcon_meta'
[0.551s] Level 1:colcon.colcon_core.package_identification:_identify(scenes) by extensions ['ros']
[0.551s] Level 1:colcon.colcon_core.package_identification:_identify(scenes) by extension 'ros'
[0.551s] Level 1:colcon.colcon_core.package_identification:_identify(scenes) by extensions ['cmake', 'python']
[0.551s] Level 1:colcon.colcon_core.package_identification:_identify(scenes) by extension 'cmake'
[0.551s] Level 1:colcon.colcon_core.package_identification:_identify(scenes) by extension 'python'
[0.551s] Level 1:colcon.colcon_core.package_identification:_identify(scenes) by extensions ['python_setup_py']
[0.551s] Level 1:colcon.colcon_core.package_identification:_identify(scenes) by extension 'python_setup_py'
[0.551s] Level 1:colcon.colcon_core.package_identification:_identify(src) by extensions ['ignore', 'ignore_ament_install']
[0.551s] Level 1:colcon.colcon_core.package_identification:_identify(src) by extension 'ignore'
[0.551s] Level 1:colcon.colcon_core.package_identification:_identify(src) by extension 'ignore_ament_install'
[0.551s] Level 1:colcon.colcon_core.package_identification:_identify(src) by extensions ['colcon_pkg']
[0.551s] Level 1:colcon.colcon_core.package_identification:_identify(src) by extension 'colcon_pkg'
[0.551s] Level 1:colcon.colcon_core.package_identification:_identify(src) by extensions ['colcon_meta']
[0.552s] Level 1:colcon.colcon_core.package_identification:_identify(src) by extension 'colcon_meta'
[0.552s] Level 1:colcon.colcon_core.package_identification:_identify(src) by extensions ['ros']
[0.552s] Level 1:colcon.colcon_core.package_identification:_identify(src) by extension 'ros'
[0.552s] Level 1:colcon.colcon_core.package_identification:_identify(src) by extensions ['cmake', 'python']
[0.552s] Level 1:colcon.colcon_core.package_identification:_identify(src) by extension 'cmake'
[0.552s] Level 1:colcon.colcon_core.package_identification:_identify(src) by extension 'python'
[0.552s] Level 1:colcon.colcon_core.package_identification:_identify(src) by extensions ['python_setup_py']
[0.552s] Level 1:colcon.colcon_core.package_identification:_identify(src) by extension 'python_setup_py'
[0.552s] Level 1:colcon.colcon_core.package_identification:_identify(src/simulation) by extensions ['ignore', 'ignore_ament_install']
[0.552s] Level 1:colcon.colcon_core.package_identification:_identify(src/simulation) by extension 'ignore'
[0.552s] Level 1:colcon.colcon_core.package_identification:_identify(src/simulation) by extension 'ignore_ament_install'
[0.552s] Level 1:colcon.colcon_core.package_identification:_identify(src/simulation) by extensions ['colcon_pkg']
[0.552s] Level 1:colcon.colcon_core.package_identification:_identify(src/simulation) by extension 'colcon_pkg'
[0.552s] Level 1:colcon.colcon_core.package_identification:_identify(src/simulation) by extensions ['colcon_meta']
[0.552s] Level 1:colcon.colcon_core.package_identification:_identify(src/simulation) by extension 'colcon_meta'
[0.552s] Level 1:colcon.colcon_core.package_identification:_identify(src/simulation) by extensions ['ros']
[0.552s] Level 1:colcon.colcon_core.package_identification:_identify(src/simulation) by extension 'ros'
[0.570s] DEBUG:colcon.colcon_core.package_identification:Package 'src/simulation' with type 'ros.ament_python' and name 'simulation'
[0.570s] Level 1:colcon.colcon_core.package_discovery:discover_packages(recursive) using defaults
[0.570s] Level 1:colcon.colcon_core.package_discovery:discover_packages(ignore) discover
[0.570s] Level 1:colcon.colcon_core.package_discovery:discover_packages(ignore) using defaults
[0.570s] Level 1:colcon.colcon_core.package_discovery:discover_packages(path) discover
[0.570s] Level 1:colcon.colcon_core.package_discovery:discover_packages(path) using defaults
[0.620s] Level 1:colcon.colcon_core.package_discovery:discover_packages(prefix_path) check parameters
[0.620s] Level 1:colcon.colcon_core.package_discovery:discover_packages(prefix_path) discover
[0.624s] DEBUG:colcon.colcon_installed_package_information.package_discovery:Found 467 installed packages in /opt/ros/humble
[0.630s] Level 1:colcon.colcon_core.package_discovery:discover_packages(prefix_path) using defaults
[0.727s] Level 5:colcon.colcon_core.verb:set package 'simulation' build argument 'cmake_args' from command line to 'None'
[0.727s] Level 5:colcon.colcon_core.verb:set package 'simulation' build argument 'cmake_target' from command line to 'None'
[0.727s] Level 5:colcon.colcon_core.verb:set package 'simulation' build argument 'cmake_target_skip_unavailable' from command line to 'False'
[0.727s] Level 5:colcon.colcon_core.verb:set package 'simulation' build argument 'cmake_clean_cache' from command line to 'False'
[0.727s] Level 5:colcon.colcon_core.verb:set package 'simulation' build argument 'cmake_clean_first' from command line to 'False'
[0.727s] Level 5:colcon.colcon_core.verb:set package 'simulation' build argument 'cmake_force_configure' from command line to 'False'
[0.727s] Level 5:colcon.colcon_core.verb:set package 'simulation' build argument 'ament_cmake_args' from command line to 'None'
[0.727s] Level 5:colcon.colcon_core.verb:set package 'simulation' build argument 'catkin_cmake_args' from command line to 'None'
[0.727s] Level 5:colcon.colcon_core.verb:set package 'simulation' build argument 'catkin_skip_building_tests' from command line to 'False'
[0.727s] DEBUG:colcon.colcon_core.verb:Building package 'simulation' with the following arguments: {'ament_cmake_args': None, 'build_base': '/home/user/AetherPlan/simulation/build/simulation', 'catkin_cmake_args': None, 'catkin_skip_building_tests': False, 'cmake_args': None, 'cmake_clean_cache': False, 'cmake_clean_first': False, 'cmake_force_configure': False, 'cmake_target': None, 'cmake_target_skip_unavailable': False, 'install_base': '/home/user/AetherPlan/simulation/install/simulation', 'merge_install': False, 'path': '/home/user/AetherPlan/simulation/src/simulation', 'symlink_install': False, 'test_result_base': None}
[0.728s] INFO:colcon.colcon_core.executor:Executing jobs using 'parallel' executor
[0.730s] DEBUG:colcon.colcon_parallel_executor.executor.parallel:run_until_complete
[0.730s] INFO:colcon.colcon_ros.task.ament_python.build:Building ROS package in '/home/user/AetherPlan/simulation/src/simulation' with build type 'ament_python'
[0.730s] Level 1:colcon.colcon_core.shell:create_environment_hook('simulation', 'ament_prefix_path')
[0.734s] INFO:colcon.colcon_core.plugin_system:Skipping extension 'colcon_core.shell.bat': Not used on non-Windows systems
[0.734s] INFO:colcon.colcon_core.shell:Creating environment hook '/home/user/AetherPlan/simulation/install/simulation/share/simulation/hook/ament_prefix_path.ps1'
[0.735s] INFO:colcon.colcon_core.shell:Creating environment descriptor '/home/user/AetherPlan/simulation/install/simulation/share/simulation/hook/ament_prefix_path.dsv'
[0.736s] INFO:colcon.colcon_core.shell:Creating environment hook '/home/user/AetherPlan/simulation/install/simulation/share/simulation/hook/ament_prefix_path.sh'
[0.737s] INFO:colcon.colcon_core.shell:Skip shell extension 'powershell' for command environment: Not usable outside of PowerShell
[0.737s] DEBUG:colcon.colcon_core.shell:Skip shell extension 'dsv' for command environment
[1.316s] INFO:colcon.colcon_core.task.python.build:Building Python package in '/home/user/AetherPlan/simulation/src/simulation'
[1.317s] INFO:colcon.colcon_core.shell:Skip shell extension 'powershell' for command environment: Not usable outside of PowerShell
[1.317s] DEBUG:colcon.colcon_core.shell:Skip shell extension 'dsv' for command environment
[1.945s] DEBUG:colcon.colcon_core.event_handler.log_command:Invoking command in '/home/user/AetherPlan/simulation/src/simulation': PYTHONPATH=/home/user/AetherPlan/simulation/build/simulation/prefix_override:/usr/lib/python3/dist-packages/colcon_core/task/python/colcon_distutils_commands:/home/user/AetherPlan/simulation/install/simulation/lib/python3.10/site-packages:${PYTHONPATH} /usr/bin/python3 -W ignore:setup.py install is deprecated -W ignore:easy_install command is deprecated setup.py egg_info --egg-base ../../build/simulation build --build-base /home/user/AetherPlan/simulation/build/simulation/build install --record /home/user/AetherPlan/simulation/build/simulation/install.log --single-version-externally-managed install_data
[2.478s] DEBUG:colcon.colcon_core.event_handler.log_command:Invoked command in '/home/user/AetherPlan/simulation/src/simulation' returned '0': PYTHONPATH=/home/user/AetherPlan/simulation/build/simulation/prefix_override:/usr/lib/python3/dist-packages/colcon_core/task/python/colcon_distutils_commands:/home/user/AetherPlan/simulation/install/simulation/lib/python3.10/site-packages:${PYTHONPATH} /usr/bin/python3 -W ignore:setup.py install is deprecated -W ignore:easy_install command is deprecated setup.py egg_info --egg-base ../../build/simulation build --build-base /home/user/AetherPlan/simulation/build/simulation/build install --record /home/user/AetherPlan/simulation/build/simulation/install.log --single-version-externally-managed install_data
[2.481s] Level 1:colcon.colcon_core.environment:checking '/home/user/AetherPlan/simulation/install/simulation' for CMake module files
[2.481s] Level 1:colcon.colcon_core.environment:checking '/home/user/AetherPlan/simulation/install/simulation' for CMake config files
[2.482s] Level 1:colcon.colcon_core.environment:checking '/home/user/AetherPlan/simulation/install/simulation/lib'
[2.482s] Level 1:colcon.colcon_core.environment:checking '/home/user/AetherPlan/simulation/install/simulation/bin'
[2.482s] Level 1:colcon.colcon_core.environment:checking '/home/user/AetherPlan/simulation/install/simulation/lib/pkgconfig/simulation.pc'
[2.483s] Level 1:colcon.colcon_core.environment:checking '/home/user/AetherPlan/simulation/install/simulation/lib/python3.10/site-packages'
[2.484s] Level 1:colcon.colcon_core.shell:create_environment_hook('simulation', 'pythonpath')
[2.484s] INFO:colcon.colcon_core.shell:Creating environment hook '/home/user/AetherPlan/simulation/install/simulation/share/simulation/hook/pythonpath.ps1'
[2.485s] INFO:colcon.colcon_core.shell:Creating environment descriptor '/home/user/AetherPlan/simulation/install/simulation/share/simulation/hook/pythonpath.dsv'
[2.486s] INFO:colcon.colcon_core.shell:Creating environment hook '/home/user/AetherPlan/simulation/install/simulation/share/simulation/hook/pythonpath.sh'
[2.487s] Level 1:colcon.colcon_core.environment:checking '/home/user/AetherPlan/simulation/install/simulation/bin'
[2.487s] Level 1:colcon.colcon_core.environment:create_environment_scripts_only(simulation)
[2.487s] INFO:colcon.colcon_core.shell:Creating package script '/home/user/AetherPlan/simulation/install/simulation/share/simulation/package.ps1'
[2.488s] INFO:colcon.colcon_core.shell:Creating package descriptor '/home/user/AetherPlan/simulation/install/simulation/share/simulation/package.dsv'
[2.489s] INFO:colcon.colcon_core.shell:Creating package script '/home/user/AetherPlan/simulation/install/simulation/share/simulation/package.sh'
[2.490s] INFO:colcon.colcon_core.shell:Creating package script '/home/user/AetherPlan/simulation/install/simulation/share/simulation/package.bash'
[2.491s] INFO:colcon.colcon_core.shell:Creating package script '/home/user/AetherPlan/simulation/install/simulation/share/simulation/package.zsh'
[2.491s] Level 1:colcon.colcon_core.environment:create_file_with_runtime_dependencies(/home/user/AetherPlan/simulation/install/simulation/share/colcon-core/packages/simulation)
[2.492s] DEBUG:colcon.colcon_parallel_executor.executor.parallel:closing loop
[2.492s] DEBUG:colcon.colcon_parallel_executor.executor.parallel:loop closed
[2.492s] DEBUG:colcon.colcon_parallel_executor.executor.parallel:run_until_complete finished with '0'
[2.492s] DEBUG:colcon.colcon_core.event_reactor:joining thread
[2.499s] INFO:colcon.colcon_core.plugin_system:Skipping extension 'colcon_notification.desktop_notification.terminal_notifier': Not used on non-Darwin systems
[2.499s] INFO:colcon.colcon_core.plugin_system:Skipping extension 'colcon_notification.desktop_notification.win32': Not used on non-Windows systems
[2.500s] INFO:colcon.colcon_notification.desktop_notification:Sending desktop notification using 'notify2'
[2.515s] DEBUG:colcon.colcon_core.event_reactor:joined thread
[2.515s] INFO:colcon.colcon_core.shell:Creating prefix script '/home/user/AetherPlan/simulation/install/local_setup.ps1'
[2.517s] INFO:colcon.colcon_core.shell:Creating prefix util module '/home/user/AetherPlan/simulation/install/_local_setup_util_ps1.py'
[2.521s] INFO:colcon.colcon_core.shell:Creating prefix chain script '/home/user/AetherPlan/simulation/install/setup.ps1'
[2.525s] INFO:colcon.colcon_core.shell:Creating prefix script '/home/user/AetherPlan/simulation/install/local_setup.sh'
[2.526s] INFO:colcon.colcon_core.shell:Creating prefix util module '/home/user/AetherPlan/simulation/install/_local_setup_util_sh.py'
[2.527s] INFO:colcon.colcon_core.shell:Creating prefix chain script '/home/user/AetherPlan/simulation/install/setup.sh'
[2.528s] INFO:colcon.colcon_core.shell:Creating prefix script '/home/user/AetherPlan/simulation/install/local_setup.bash'
[2.529s] INFO:colcon.colcon_core.shell:Creating prefix chain script '/home/user/AetherPlan/simulation/install/setup.bash'
[2.530s] INFO:colcon.colcon_core.shell:Creating prefix script '/home/user/AetherPlan/simulation/install/local_setup.zsh'
[2.531s] INFO:colcon.colcon_core.shell:Creating prefix chain script '/home/user/AetherPlan/simulation/install/setup.zsh'
