[0.910s] Invoking command in '/home/user/AetherPlan/simulation/src/simulation': PYTHONPATH=/home/user/AetherPlan/simulation/build/simulation/prefix_override:/usr/lib/python3/dist-packages/colcon_core/task/python/colcon_distutils_commands:/home/user/AetherPlan/simulation/install/simulation/lib/python3.10/site-packages:${PYTHONPATH} /usr/bin/python3 -W ignore:setup.py install is deprecated -W ignore:easy_install command is deprecated setup.py egg_info --egg-base ../../build/simulation build --build-base /home/user/AetherPlan/simulation/build/simulation/build install --record /home/user/AetherPlan/simulation/build/simulation/install.log --single-version-externally-managed install_data
[1.205s] running egg_info
[1.206s] writing ../../build/simulation/simulation.egg-info/PKG-INFO
[1.206s] writing dependency_links to ../../build/simulation/simulation.egg-info/dependency_links.txt
[1.206s] writing entry points to ../../build/simulation/simulation.egg-info/entry_points.txt
[1.207s] writing requirements to ../../build/simulation/simulation.egg-info/requires.txt
[1.207s] writing top-level names to ../../build/simulation/simulation.egg-info/top_level.txt
[1.208s] reading manifest file '../../build/simulation/simulation.egg-info/SOURCES.txt'
[1.209s] adding license file 'LICENSE'
[1.215s] writing manifest file '../../build/simulation/simulation.egg-info/SOURCES.txt'
[1.217s] running build
[1.218s] running build_py
[1.220s] copying simulation/coppelia_client.py -> /home/user/AetherPlan/simulation/build/simulation/build/lib/simulation
[1.221s] copying simulation/observer.py -> /home/user/AetherPlan/simulation/build/simulation/build/lib/simulation
[1.223s] running install
[1.226s] running install_lib
[1.228s] copying /home/user/AetherPlan/simulation/build/simulation/build/lib/simulation/coppelia_client.py -> /home/user/AetherPlan/simulation/install/simulation/lib/python3.10/site-packages/simulation
[1.229s] copying /home/user/AetherPlan/simulation/build/simulation/build/lib/simulation/observer.py -> /home/user/AetherPlan/simulation/install/simulation/lib/python3.10/site-packages/simulation
[1.231s] byte-compiling /home/user/AetherPlan/simulation/install/simulation/lib/python3.10/site-packages/simulation/coppelia_client.py to coppelia_client.cpython-310.pyc
[1.233s] byte-compiling /home/user/AetherPlan/simulation/install/simulation/lib/python3.10/site-packages/simulation/observer.py to observer.cpython-310.pyc
[1.234s] running install_data
[1.234s] running install_egg_info
[1.239s] removing '/home/user/AetherPlan/simulation/install/simulation/lib/python3.10/site-packages/simulation-0.0.0-py3.10.egg-info' (and everything under it)
[1.239s] Copying ../../build/simulation/simulation.egg-info to /home/user/AetherPlan/simulation/install/simulation/lib/python3.10/site-packages/simulation-0.0.0-py3.10.egg-info
[1.241s] running install_scripts
[1.287s] Installing coppelia_client script to /home/user/AetherPlan/simulation/install/simulation/lib/simulation
[1.288s] Installing observer script to /home/user/AetherPlan/simulation/install/simulation/lib/simulation
[1.288s] writing list of installed files to '/home/user/AetherPlan/simulation/build/simulation/install.log'
[1.318s] Invoked command in '/home/user/AetherPlan/simulation/src/simulation' returned '0': PYTHONPATH=/home/user/AetherPlan/simulation/build/simulation/prefix_override:/usr/lib/python3/dist-packages/colcon_core/task/python/colcon_distutils_commands:/home/user/AetherPlan/simulation/install/simulation/lib/python3.10/site-packages:${PYTHONPATH} /usr/bin/python3 -W ignore:setup.py install is deprecated -W ignore:easy_install command is deprecated setup.py egg_info --egg-base ../../build/simulation build --build-base /home/user/AetherPlan/simulation/build/simulation/build install --record /home/user/AetherPlan/simulation/build/simulation/install.log --single-version-externally-managed install_data
