running egg_info
writing ../../build/simulation/simulation.egg-info/PKG-INFO
writing dependency_links to ../../build/simulation/simulation.egg-info/dependency_links.txt
writing entry points to ../../build/simulation/simulation.egg-info/entry_points.txt
writing requirements to ../../build/simulation/simulation.egg-info/requires.txt
writing top-level names to ../../build/simulation/simulation.egg-info/top_level.txt
reading manifest file '../../build/simulation/simulation.egg-info/SOURCES.txt'
adding license file 'LICENSE'
writing manifest file '../../build/simulation/simulation.egg-info/SOURCES.txt'
running build
running build_py
copying simulation/ik_tool.py -> /home/user/AetherPlan/simulation/build/simulation/build/lib/simulation
copying simulation/coppelia_client.py -> /home/user/AetherPlan/simulation/build/simulation/build/lib/simulation
copying simulation/ik_try.py -> /home/user/AetherPlan/simulation/build/simulation/build/lib/simulation
copying simulation/plannner.py -> /home/user/AetherPlan/simulation/build/simulation/build/lib/simulation
running install
running install_lib
copying /home/user/AetherPlan/simulation/build/simulation/build/lib/simulation/ik_tool.py -> /home/user/AetherPlan/simulation/install/simulation/lib/python3.10/site-packages/simulation
copying /home/user/AetherPlan/simulation/build/simulation/build/lib/simulation/coppelia_client.py -> /home/user/AetherPlan/simulation/install/simulation/lib/python3.10/site-packages/simulation
copying /home/user/AetherPlan/simulation/build/simulation/build/lib/simulation/ik_try.py -> /home/user/AetherPlan/simulation/install/simulation/lib/python3.10/site-packages/simulation
copying /home/user/AetherPlan/simulation/build/simulation/build/lib/simulation/plannner.py -> /home/user/AetherPlan/simulation/install/simulation/lib/python3.10/site-packages/simulation
byte-compiling /home/user/AetherPlan/simulation/install/simulation/lib/python3.10/site-packages/simulation/ik_tool.py to ik_tool.cpython-310.pyc
byte-compiling /home/user/AetherPlan/simulation/install/simulation/lib/python3.10/site-packages/simulation/coppelia_client.py to coppelia_client.cpython-310.pyc
byte-compiling /home/user/AetherPlan/simulation/install/simulation/lib/python3.10/site-packages/simulation/ik_try.py to ik_try.cpython-310.pyc
byte-compiling /home/user/AetherPlan/simulation/install/simulation/lib/python3.10/site-packages/simulation/plannner.py to plannner.cpython-310.pyc
running install_data
copying package.xml -> /home/user/AetherPlan/simulation/install/simulation/share/simulation
running install_egg_info
removing '/home/user/AetherPlan/simulation/install/simulation/lib/python3.10/site-packages/simulation-0.0.0-py3.10.egg-info' (and everything under it)
Copying ../../build/simulation/simulation.egg-info to /home/user/AetherPlan/simulation/install/simulation/lib/python3.10/site-packages/simulation-0.0.0-py3.10.egg-info
running install_scripts
Installing coppelia_client script to /home/user/AetherPlan/simulation/install/simulation/lib/simulation
Installing observer script to /home/user/AetherPlan/simulation/install/simulation/lib/simulation
writing list of installed files to '/home/user/AetherPlan/simulation/build/simulation/install.log'
