[1.101s] Invoking command in '/home/user/AetherPlan/simulation/src/simulation': PYTHONPATH=/home/user/AetherPlan/simulation/build/simulation/prefix_override:/usr/lib/python3/dist-packages/colcon_core/task/python/colcon_distutils_commands:/home/user/AetherPlan/simulation/install/simulation/lib/python3.10/site-packages:${PYTHONPATH} /usr/bin/python3 -W ignore:setup.py install is deprecated -W ignore:easy_install command is deprecated setup.py egg_info --egg-base ../../build/simulation build --build-base /home/user/AetherPlan/simulation/build/simulation/build install --record /home/user/AetherPlan/simulation/build/simulation/install.log --single-version-externally-managed install_data
[1.473s] running egg_info
[1.481s] writing ../../build/simulation/simulation.egg-info/PKG-INFO
[1.482s] writing dependency_links to ../../build/simulation/simulation.egg-info/dependency_links.txt
[1.482s] writing entry points to ../../build/simulation/simulation.egg-info/entry_points.txt
[1.482s] writing requirements to ../../build/simulation/simulation.egg-info/requires.txt
[1.482s] writing top-level names to ../../build/simulation/simulation.egg-info/top_level.txt
[1.491s] reading manifest file '../../build/simulation/simulation.egg-info/SOURCES.txt'
[1.493s] adding license file 'LICENSE'
[1.500s] writing manifest file '../../build/simulation/simulation.egg-info/SOURCES.txt'
[1.501s] running build
[1.501s] running build_py
[1.502s] copying simulation/ik_tool.py -> /home/user/AetherPlan/simulation/build/simulation/build/lib/simulation
[1.502s] copying simulation/coppelia_client.py -> /home/user/AetherPlan/simulation/build/simulation/build/lib/simulation
[1.503s] copying simulation/ik_try.py -> /home/user/AetherPlan/simulation/build/simulation/build/lib/simulation
[1.504s] copying simulation/plannner.py -> /home/user/AetherPlan/simulation/build/simulation/build/lib/simulation
[1.505s] running install
[1.506s] running install_lib
[1.508s] copying /home/user/AetherPlan/simulation/build/simulation/build/lib/simulation/ik_tool.py -> /home/user/AetherPlan/simulation/install/simulation/lib/python3.10/site-packages/simulation
[1.508s] copying /home/user/AetherPlan/simulation/build/simulation/build/lib/simulation/coppelia_client.py -> /home/user/AetherPlan/simulation/install/simulation/lib/python3.10/site-packages/simulation
[1.508s] copying /home/user/AetherPlan/simulation/build/simulation/build/lib/simulation/ik_try.py -> /home/user/AetherPlan/simulation/install/simulation/lib/python3.10/site-packages/simulation
[1.508s] copying /home/user/AetherPlan/simulation/build/simulation/build/lib/simulation/plannner.py -> /home/user/AetherPlan/simulation/install/simulation/lib/python3.10/site-packages/simulation
[1.509s] byte-compiling /home/user/AetherPlan/simulation/install/simulation/lib/python3.10/site-packages/simulation/ik_tool.py to ik_tool.cpython-310.pyc
[1.510s] byte-compiling /home/user/AetherPlan/simulation/install/simulation/lib/python3.10/site-packages/simulation/coppelia_client.py to coppelia_client.cpython-310.pyc
[1.513s] byte-compiling /home/user/AetherPlan/simulation/install/simulation/lib/python3.10/site-packages/simulation/ik_try.py to ik_try.cpython-310.pyc
[1.513s] byte-compiling /home/user/AetherPlan/simulation/install/simulation/lib/python3.10/site-packages/simulation/plannner.py to plannner.cpython-310.pyc
[1.514s] running install_data
[1.514s] copying package.xml -> /home/user/AetherPlan/simulation/install/simulation/share/simulation
[1.515s] running install_egg_info
[1.517s] removing '/home/user/AetherPlan/simulation/install/simulation/lib/python3.10/site-packages/simulation-0.0.0-py3.10.egg-info' (and everything under it)
[1.518s] Copying ../../build/simulation/simulation.egg-info to /home/user/AetherPlan/simulation/install/simulation/lib/python3.10/site-packages/simulation-0.0.0-py3.10.egg-info
[1.519s] running install_scripts
[1.545s] Installing coppelia_client script to /home/user/AetherPlan/simulation/install/simulation/lib/simulation
[1.545s] Installing observer script to /home/user/AetherPlan/simulation/install/simulation/lib/simulation
[1.546s] writing list of installed files to '/home/user/AetherPlan/simulation/build/simulation/install.log'
[1.598s] Invoked command in '/home/user/AetherPlan/simulation/src/simulation' returned '0': PYTHONPATH=/home/user/AetherPlan/simulation/build/simulation/prefix_override:/usr/lib/python3/dist-packages/colcon_core/task/python/colcon_distutils_commands:/home/user/AetherPlan/simulation/install/simulation/lib/python3.10/site-packages:${PYTHONPATH} /usr/bin/python3 -W ignore:setup.py install is deprecated -W ignore:easy_install command is deprecated setup.py egg_info --egg-base ../../build/simulation build --build-base /home/user/AetherPlan/simulation/build/simulation/build install --record /home/user/AetherPlan/simulation/build/simulation/install.log --single-version-externally-managed install_data
