[0.040s] Invoking command in '/home/user/AetherPlan/build/franka_description': /usr/bin/cmake /home/user/AetherPlan/pddlstream/examples/pybullet/utils/models/franka_description -DCATKIN_INSTALL_INTO_PREFIX_ROOT=0 -DCMAKE_INSTALL_PREFIX=/home/user/AetherPlan/install/franka_description
[0.701s] -- The C compiler identification is GNU 11.4.0
[0.701s] -- The CXX compiler identification is GNU 11.4.0
[0.701s] -- Detecting C compiler ABI info
[0.702s] -- Detecting C compiler ABI info - done
[0.702s] -- Check for working C compiler: /usr/bin/cc - skipped
[0.702s] -- Detecting C compile features
[0.702s] -- Detecting C compile features - done
[0.702s] -- Detecting CXX compiler ABI info
[0.702s] [0mCMake Deprecation Warning at CMakeLists.txt:1 (cmake_minimum_required):
[0.702s]   Compatibility with CMake < 2.8.12 will be removed from a future version of
[0.703s]   CMake.
[0.703s] 
[0.712s]   Update the VERSION argument <min> value or use a ...<max> suffix to tell
[0.712s]   CMake that the project does not need compatibility with older versions.
[0.712s] 
[0.712s] [0m
[0.744s] -- Detecting CXX compiler ABI info - done
[0.771s] -- Check for working CXX compiler: /usr/bin/c++ - skipped
[0.772s] -- Detecting CXX compile features
[0.772s] -- Detecting CXX compile features - done
[0.821s] -- Configuring incomplete, errors occurred!
[0.821s] See also "/home/user/AetherPlan/build/franka_description/CMakeFiles/CMakeOutput.log".
[0.821s] [31mCMake Error at CMakeLists.txt:4 (find_package):
[0.822s]   By not providing "Findcatkin.cmake" in CMAKE_MODULE_PATH this project has
[0.822s]   asked CMake to find a package configuration file provided by "catkin", but
[0.822s]   CMake did not find one.
[0.822s] 
[0.822s]   Could not find a package configuration file provided by "catkin" with any
[0.822s]   of the following names:
[0.822s] 
[0.823s]     catkinConfig.cmake
[0.823s]     catkin-config.cmake
[0.823s] 
[0.823s]   Add the installation prefix of "catkin" to CMAKE_PREFIX_PATH or set
[0.823s]   "catkin_DIR" to a directory containing one of the above files.  If "catkin"
[0.823s]   provides a separate development package or SDK, be sure it has been
[0.824s]   installed.
[0.824s] 
[0.824s] [0m
