[0.861s] Invoking command in '/home/user/AetherPlan/simulation/src/simulation': PYTHONPATH=/home/user/AetherPlan/build/simulation/prefix_override:/usr/lib/python3/dist-packages/colcon_core/task/python/colcon_distutils_commands:/home/user/AetherPlan/install/simulation/lib/python3.10/site-packages:${PYTHONPATH} /usr/bin/python3 -W ignore:setup.py install is deprecated -W ignore:easy_install command is deprecated setup.py egg_info --egg-base ../../../build/simulation build --build-base /home/user/AetherPlan/build/simulation/build install --record /home/user/AetherPlan/build/simulation/install.log --single-version-externally-managed install_data
[1.175s] running egg_info
[1.176s] writing ../../../build/simulation/simulation.egg-info/PKG-INFO
[1.176s] writing dependency_links to ../../../build/simulation/simulation.egg-info/dependency_links.txt
[1.176s] writing entry points to ../../../build/simulation/simulation.egg-info/entry_points.txt
[1.176s] writing requirements to ../../../build/simulation/simulation.egg-info/requires.txt
[1.176s] writing top-level names to ../../../build/simulation/simulation.egg-info/top_level.txt
[1.180s] reading manifest file '../../../build/simulation/simulation.egg-info/SOURCES.txt'
[1.183s] adding license file 'LICENSE'
[1.184s] writing manifest file '../../../build/simulation/simulation.egg-info/SOURCES.txt'
[1.184s] running build
[1.184s] running build_py
[1.185s] running install
[1.185s] running install_lib
[1.188s] running install_data
[1.188s] running install_egg_info
[1.190s] removing '/home/user/AetherPlan/install/simulation/lib/python3.10/site-packages/simulation-0.0.0-py3.10.egg-info' (and everything under it)
[1.190s] Copying ../../../build/simulation/simulation.egg-info to /home/user/AetherPlan/install/simulation/lib/python3.10/site-packages/simulation-0.0.0-py3.10.egg-info
[1.192s] running install_scripts
[1.215s] Installing coppelia_client script to /home/user/AetherPlan/install/simulation/lib/simulation
[1.216s] Installing observer script to /home/user/AetherPlan/install/simulation/lib/simulation
[1.216s] writing list of installed files to '/home/user/AetherPlan/build/simulation/install.log'
[1.242s] Invoked command in '/home/user/AetherPlan/simulation/src/simulation' returned '0': PYTHONPATH=/home/user/AetherPlan/build/simulation/prefix_override:/usr/lib/python3/dist-packages/colcon_core/task/python/colcon_distutils_commands:/home/user/AetherPlan/install/simulation/lib/python3.10/site-packages:${PYTHONPATH} /usr/bin/python3 -W ignore:setup.py install is deprecated -W ignore:easy_install command is deprecated setup.py egg_info --egg-base ../../../build/simulation build --build-base /home/user/AetherPlan/build/simulation/build install --record /home/user/AetherPlan/build/simulation/install.log --single-version-externally-managed install_data
