[0mCMake Deprecation Warning at CMakeLists.txt:31 (cmake_minimum_required):
  Compatibility with CMake < 2.8.12 will be removed from a future version of
  CMake.

  Update the VERSION argument <min> value or use a ...<max> suffix to tell
  CMake that the project does not need compatibility with older versions.

[0m
-- Defaulting to release build.
-- The C compiler identification is GNU 11.4.0
-- The CXX compiler identification is GNU 11.4.0
-- Detecting C compiler ABI info
-- Detecting C compiler ABI info - done
-- Check for working C compiler: /usr/bin/cc - skipped
-- Detecting C compile features
-- Detecting C compile features - done
-- Detecting CXX compiler ABI info
-- Detecting CXX compiler ABI info - done
-- Check for working CXX compiler: /usr/bin/c++ - skipped
-- Detecting CXX compile features
-- Detecting CXX compile features - done
-- Building for 64-bit.
-- Performing Test CXX14_FOUND
-- Performing Test CXX14_FOUND - Success
[0mCMake Deprecation Warning at search/CMakeLists.txt:1 (cmake_minimum_required):
  Compatibility with CMake < 2.8.12 will be removed from a future version of
  CMake.

  Update the VERSION argument <min> value or use a ...<max> suffix to tell
  CMake that the project does not need compatibility with older versions.

[0m
-- Enabling plugin causal_graph because plugin core_sources is enabled and depends on it.
-- Enabling plugin int_hash_set because plugin core_sources is enabled and depends on it.
-- Enabling plugin int_packer because plugin core_sources is enabled and depends on it.
-- Enabling plugin ordered_set because plugin core_sources is enabled and depends on it.
-- Enabling plugin segmented_vector because plugin core_sources is enabled and depends on it.
-- Enabling plugin subscriber because plugin core_sources is enabled and depends on it.
-- Enabling plugin successor_generator because plugin core_sources is enabled and depends on it.
-- Enabling plugin task_properties because plugin core_sources is enabled and depends on it.
-- Enabling plugin combining_evaluator because plugin max_evaluator is enabled and depends on it.
-- Enabling plugin stubborn_sets because plugin stubborn_sets_atom_centric is enabled and depends on it.
-- Enabling plugin eager_search because plugin plugin_astar is enabled and depends on it.
-- Enabling plugin search_common because plugin plugin_astar is enabled and depends on it.
-- Enabling plugin lazy_search because plugin plugin_lazy is enabled and depends on it.
-- Enabling plugin priority_queues because plugin additive_heuristic is enabled and depends on it.
-- Enabling plugin relaxation_heuristic because plugin additive_heuristic is enabled and depends on it.
-- Enabling plugin domain_transition_graph because plugin context_enhanced_additive_heuristic is enabled and depends on it.
-- Enabling plugin dynamic_bitset because plugin cegar is enabled and depends on it.
-- Enabling plugin extra_tasks because plugin cegar is enabled and depends on it.
-- Enabling plugin equivalence_relation because plugin mas_heuristic is enabled and depends on it.
-- Enabling plugin sccs because plugin mas_heuristic is enabled and depends on it.
-- Enabling plugin variable_order_finder because plugin mas_heuristic is enabled and depends on it.
-- Enabling plugin lp_solver because plugin landmarks is enabled and depends on it.
-- Enabling plugin max_cliques because plugin pdbs is enabled and depends on it.
-- Enabling plugin sampling because plugin pdbs is enabled and depends on it.
-- Enabling plugin null_pruning_method because plugin eager_search is enabled and depends on it.
-- Enabling plugin named_vector because plugin lp_solver is enabled and depends on it.
-- Using plugin: core_sources
-- Using plugin: options
-- Using plugin: utils
-- Using plugin: alternation_open_list
-- Using plugin: best_first_open_list
-- Using plugin: epsilon_greedy_open_list
-- Using plugin: pareto_open_list
-- Using plugin: tiebreaking_open_list
-- Using plugin: type_based_open_list
-- Using plugin: dynamic_bitset
-- Using plugin: named_vector
-- Using plugin: equivalence_relation
-- Using plugin: int_hash_set
-- Using plugin: int_packer
-- Using plugin: max_cliques
-- Using plugin: priority_queues
-- Using plugin: ordered_set
-- Using plugin: segmented_vector
-- Using plugin: subscriber
-- Using plugin: evaluators_plugin_group
-- Using plugin: const_evaluator
-- Using plugin: g_evaluator
-- Using plugin: combining_evaluator
-- Using plugin: max_evaluator
-- Using plugin: pref_evaluator
-- Using plugin: weighted_evaluator
-- Using plugin: sum_evaluator
-- Using plugin: null_pruning_method
-- Using plugin: limited_pruning
-- Using plugin: stubborn_sets
-- Using plugin: stubborn_sets_atom_centric
-- Using plugin: stubborn_sets_simple
-- Using plugin: stubborn_sets_ec
-- Using plugin: search_common
-- Using plugin: eager_search
-- Using plugin: plugin_astar
-- Using plugin: plugin_eager
-- Using plugin: plugin_eager_greedy
-- Using plugin: plugin_eager_wastar
-- Using plugin: plugin_lazy
-- Using plugin: plugin_lazy_greedy
-- Using plugin: plugin_lazy_wastar
-- Using plugin: enforced_hill_climbing_search
-- Using plugin: iterated_search
-- Using plugin: lazy_search
-- Using plugin: lp_solver
-- Using plugin: relaxation_heuristic
-- Using plugin: additive_heuristic
-- Using plugin: blind_search_heuristic
-- Using plugin: context_enhanced_additive_heuristic
-- Using plugin: cg_heuristic
-- Using plugin: domain_transition_graph
-- Using plugin: ff_heuristic
-- Using plugin: goal_count_heuristic
-- Using plugin: hm_heuristic
-- Using plugin: landmark_cut_heuristic
-- Using plugin: max_heuristic
-- Using plugin: core_tasks
-- Using plugin: extra_tasks
-- Using plugin: causal_graph
-- Using plugin: sampling
-- Using plugin: successor_generator
-- Using plugin: task_properties
-- Using plugin: variable_order_finder
-- Using plugin: cegar
-- Using plugin: mas_heuristic
-- Using plugin: landmarks
-- Using plugin: operator_counting
-- Using plugin: pdbs
-- Using plugin: potentials
-- Using plugin: sccs
-- Using plugin: sdac
-- Using plugin: symbolic
-- Could NOT find OSI (missing: OSI_INCLUDE_DIRS OSI_LIBRARIES) 
-- Building MiniBoost.
-- Building Cudd with 64-bit.
-- Configuring done
-- Generating done
-- Build files have been written to: /home/user/AetherPlan/build/fast-downward
[  0%] [32mBuilding CXX object search/ext/boost_dependencies/libs/CMakeFiles/MiniBoost.dir/regex/src/c_regex_traits.cpp.o[0m
[  1%] [32mBuilding CXX object search/ext/boost_dependencies/libs/CMakeFiles/MiniBoost.dir/regex/src/instances.cpp.o[0m
[  1%] [32mBuilding CXX object search/ext/boost_dependencies/libs/CMakeFiles/MiniBoost.dir/regex/src/cpp_regex_traits.cpp.o[0m
[  1%] [32mBuilding CXX object search/ext/boost_dependencies/libs/CMakeFiles/MiniBoost.dir/regex/src/fileiter.cpp.o[0m
[  1%] [32mBuilding CXX object search/ext/boost_dependencies/libs/CMakeFiles/MiniBoost.dir/regex/src/icu.cpp.o[0m
[  2%] [32mBuilding CXX object search/ext/boost_dependencies/libs/CMakeFiles/MiniBoost.dir/regex/src/cregex.cpp.o[0m
[  2%] [32mBuilding CXX object search/ext/boost_dependencies/libs/CMakeFiles/MiniBoost.dir/regex/src/regex.cpp.o[0m
[  2%] [32mBuilding CXX object search/ext/boost_dependencies/libs/CMakeFiles/MiniBoost.dir/regex/src/posix_api.cpp.o[0m
[  3%] [32mBuilding CXX object search/ext/boost_dependencies/libs/CMakeFiles/MiniBoost.dir/regex/src/regex_debug.cpp.o[0m
[  3%] [32mBuilding CXX object search/ext/boost_dependencies/libs/CMakeFiles/MiniBoost.dir/regex/src/regex_raw_buffer.cpp.o[0m
[  3%] [32mBuilding CXX object search/ext/boost_dependencies/libs/CMakeFiles/MiniBoost.dir/regex/src/regex_traits_defaults.cpp.o[0m
[  4%] [32mBuilding CXX object search/ext/boost_dependencies/libs/CMakeFiles/MiniBoost.dir/regex/src/static_mutex.cpp.o[0m
[  4%] [32mBuilding CXX object search/ext/boost_dependencies/libs/CMakeFiles/MiniBoost.dir/regex/src/usinstances.cpp.o[0m
[  4%] [32mBuilding CXX object search/ext/boost_dependencies/libs/CMakeFiles/MiniBoost.dir/regex/src/w32_regex_traits.cpp.o[0m
[  5%] [32mBuilding CXX object search/ext/boost_dependencies/libs/CMakeFiles/MiniBoost.dir/regex/src/wc_regex_traits.cpp.o[0m
[  5%] [32mBuilding CXX object search/ext/boost_dependencies/libs/CMakeFiles/MiniBoost.dir/regex/src/wide_posix_api.cpp.o[0m
[  5%] [32mBuilding CXX object search/ext/boost_dependencies/libs/CMakeFiles/MiniBoost.dir/regex/src/winstances.cpp.o[0m
gmake[2]: *** [search/ext/boost_dependencies/libs/CMakeFiles/MiniBoost.dir/build.make:146: search/ext/boost_dependencies/libs/CMakeFiles/MiniBoost.dir/regex/src/instances.cpp.o] Interrupt
gmake[2]: *** [search/ext/boost_dependencies/libs/CMakeFiles/MiniBoost.dir/build.make:104: search/ext/boost_dependencies/libs/CMakeFiles/MiniBoost.dir/regex/src/cregex.cpp.o] Interrupt
gmake[2]: *** [search/ext/boost_dependencies/libs/CMakeFiles/MiniBoost.dir/build.make:160: search/ext/boost_dependencies/libs/CMakeFiles/MiniBoost.dir/regex/src/posix_api.cpp.o] Interrupt
gmake[2]: *** [search/ext/boost_dependencies/libs/CMakeFiles/MiniBoost.dir/build.make:286: search/ext/boost_dependencies/libs/CMakeFiles/MiniBoost.dir/regex/src/wide_posix_api.cpp.o] Interrupt
gmake[2]: *** [search/ext/boost_dependencies/libs/CMakeFiles/MiniBoost.dir/build.make:300: search/ext/boost_dependencies/libs/CMakeFiles/MiniBoost.dir/regex/src/winstances.cpp.o] Interrupt
gmake[1]: *** [CMakeFiles/Makefile2:241: search/ext/boost_dependencies/libs/CMakeFiles/MiniBoost.dir/all] Interrupt
gmake: *** [Makefile:91: all] Interrupt
