[0.888s] Invoking command in '/home/user/AetherPlan/simulation/src/simulation': PYTHONPATH=/home/user/AetherPlan/simulation/build/simulation/prefix_override:/usr/lib/python3/dist-packages/colcon_core/task/python/colcon_distutils_commands:/home/user/AetherPlan/simulation/install/simulation/lib/python3.10/site-packages:${PYTHONPATH} /usr/bin/python3 -W ignore:setup.py install is deprecated -W ignore:easy_install command is deprecated setup.py egg_info --egg-base ../../build/simulation build --build-base /home/user/AetherPlan/simulation/build/simulation/build install --record /home/user/AetherPlan/simulation/build/simulation/install.log --single-version-externally-managed install_data
[1.175s] running egg_info
[1.176s] writing ../../build/simulation/simulation.egg-info/PKG-INFO
[1.177s] writing dependency_links to ../../build/simulation/simulation.egg-info/dependency_links.txt
[1.177s] writing entry points to ../../build/simulation/simulation.egg-info/entry_points.txt
[1.177s] writing requirements to ../../build/simulation/simulation.egg-info/requires.txt
[1.177s] writing top-level names to ../../build/simulation/simulation.egg-info/top_level.txt
[1.180s] reading manifest file '../../build/simulation/simulation.egg-info/SOURCES.txt'
[1.180s] adding license file 'LICENSE'
[1.182s] writing manifest file '../../build/simulation/simulation.egg-info/SOURCES.txt'
[1.182s] running build
[1.182s] running build_py
[1.182s] copying simulation/observer.py -> /home/user/AetherPlan/simulation/build/simulation/build/lib/simulation
[1.182s] running install
[1.183s] running install_lib
[1.190s] copying /home/user/AetherPlan/simulation/build/simulation/build/lib/simulation/observer.py -> /home/user/AetherPlan/simulation/install/simulation/lib/python3.10/site-packages/simulation
[1.197s] byte-compiling /home/user/AetherPlan/simulation/install/simulation/lib/python3.10/site-packages/simulation/observer.py to observer.cpython-310.pyc
[1.201s] running install_data
[1.201s] creating /home/user/AetherPlan/simulation/install/simulation/share/simulation/msg
[1.202s] copying msg/ObjectPoseArray.msg -> /home/user/AetherPlan/simulation/install/simulation/share/simulation/msg
[1.202s] copying msg/ObjectPose.msg -> /home/user/AetherPlan/simulation/install/simulation/share/simulation/msg
[1.203s] running install_egg_info
[1.208s] removing '/home/user/AetherPlan/simulation/install/simulation/lib/python3.10/site-packages/simulation-0.0.0-py3.10.egg-info' (and everything under it)
[1.209s] Copying ../../build/simulation/simulation.egg-info to /home/user/AetherPlan/simulation/install/simulation/lib/python3.10/site-packages/simulation-0.0.0-py3.10.egg-info
[1.211s] running install_scripts
[1.254s] Installing coppelia_client script to /home/user/AetherPlan/simulation/install/simulation/lib/simulation
[1.254s] Installing observer script to /home/user/AetherPlan/simulation/install/simulation/lib/simulation
[1.256s] writing list of installed files to '/home/user/AetherPlan/simulation/build/simulation/install.log'
[1.295s] Invoked command in '/home/user/AetherPlan/simulation/src/simulation' returned '0': PYTHONPATH=/home/user/AetherPlan/simulation/build/simulation/prefix_override:/usr/lib/python3/dist-packages/colcon_core/task/python/colcon_distutils_commands:/home/user/AetherPlan/simulation/install/simulation/lib/python3.10/site-packages:${PYTHONPATH} /usr/bin/python3 -W ignore:setup.py install is deprecated -W ignore:easy_install command is deprecated setup.py egg_info --egg-base ../../build/simulation build --build-base /home/user/AetherPlan/simulation/build/simulation/build install --record /home/user/AetherPlan/simulation/build/simulation/install.log --single-version-externally-managed install_data
