[0.264s] DEBUG:colcon:Command line arguments: ['/usr/bin/colcon', 'build']
[0.265s] DEBUG:colcon:Parsed command line arguments: Namespace(log_base=None, log_level=None, verb_name='build', build_base='build', install_base='install', merge_install=False, symlink_install=False, test_result_base=None, continue_on_error=False, executor='parallel', parallel_workers=8, event_handlers=None, ignore_user_meta=False, metas=['./colcon.meta'], base_paths=['.'], packages_ignore=None, packages_ignore_regex=None, paths=None, packages_up_to=None, packages_up_to_regex=None, packages_above=None, packages_above_and_dependencies=None, packages_above_depth=None, packages_select_by_dep=None, packages_skip_by_dep=None, packages_skip_up_to=None, packages_select_build_failed=False, packages_skip_build_finished=False, packages_select_test_failures=False, packages_skip_test_passed=False, packages_select=None, packages_skip=None, packages_select_regex=None, packages_skip_regex=None, packages_start=None, packages_end=None, allow_overriding=[], cmake_args=None, cmake_target=None, cmake_target_skip_unavailable=False, cmake_clean_cache=False, cmake_clean_first=False, cmake_force_configure=False, ament_cmake_args=None, catkin_cmake_args=None, catkin_skip_building_tests=False, mixin_files=None, mixin=None, verb_parser=<colcon_mixin.mixin.mixin_argument.MixinArgumentDecorator object at 0x743f4d55eb30>, verb_extension=<colcon_core.verb.build.BuildVerb object at 0x743f4d5188e0>, main=<bound method BuildVerb.main of <colcon_core.verb.build.BuildVerb object at 0x743f4d5188e0>>, mixin_verb=('build',))
[0.558s] Level 1:colcon.colcon_core.package_discovery:discover_packages(colcon_meta) check parameters
[0.558s] Level 1:colcon.colcon_core.package_discovery:discover_packages(recursive) check parameters
[0.558s] Level 1:colcon.colcon_core.package_discovery:discover_packages(ignore) check parameters
[0.558s] Level 1:colcon.colcon_core.package_discovery:discover_packages(path) check parameters
[0.558s] Level 1:colcon.colcon_core.package_discovery:discover_packages(colcon_meta) discover
[0.558s] Level 1:colcon.colcon_core.package_discovery:discover_packages(recursive) discover
[0.558s] INFO:colcon.colcon_core.package_discovery:Crawling recursively for packages in '/home/user/AetherPlan'
[0.558s] Level 1:colcon.colcon_core.package_identification:_identify(.) by extensions ['ignore', 'ignore_ament_install']
[0.559s] Level 1:colcon.colcon_core.package_identification:_identify(.) by extension 'ignore'
[0.559s] Level 1:colcon.colcon_core.package_identification:_identify(.) by extension 'ignore_ament_install'
[0.559s] Level 1:colcon.colcon_core.package_identification:_identify(.) by extensions ['colcon_pkg']
[0.559s] Level 1:colcon.colcon_core.package_identification:_identify(.) by extension 'colcon_pkg'
[0.559s] Level 1:colcon.colcon_core.package_identification:_identify(.) by extensions ['colcon_meta']
[0.559s] Level 1:colcon.colcon_core.package_identification:_identify(.) by extension 'colcon_meta'
[0.559s] Level 1:colcon.colcon_core.package_identification:_identify(.) by extensions ['ros']
[0.559s] Level 1:colcon.colcon_core.package_identification:_identify(.) by extension 'ros'
[0.574s] Level 1:colcon.colcon_core.package_identification:_identify(.) by extensions ['cmake', 'python']
[0.574s] Level 1:colcon.colcon_core.package_identification:_identify(.) by extension 'cmake'
[0.574s] Level 1:colcon.colcon_core.package_identification:_identify(.) by extension 'python'
[0.574s] Level 1:colcon.colcon_core.package_identification:_identify(.) by extensions ['python_setup_py']
[0.574s] Level 1:colcon.colcon_core.package_identification:_identify(.) by extension 'python_setup_py'
[0.574s] Level 1:colcon.colcon_core.package_identification:_identify(build) by extensions ['ignore', 'ignore_ament_install']
[0.574s] Level 1:colcon.colcon_core.package_identification:_identify(build) by extension 'ignore'
[0.574s] Level 1:colcon.colcon_core.package_identification:_identify(build) ignored
[0.575s] Level 1:colcon.colcon_core.package_identification:_identify(install) by extensions ['ignore', 'ignore_ament_install']
[0.575s] Level 1:colcon.colcon_core.package_identification:_identify(install) by extension 'ignore'
[0.575s] Level 1:colcon.colcon_core.package_identification:_identify(install) ignored
[0.575s] Level 1:colcon.colcon_core.package_identification:_identify(log) by extensions ['ignore', 'ignore_ament_install']
[0.575s] Level 1:colcon.colcon_core.package_identification:_identify(log) by extension 'ignore'
[0.575s] Level 1:colcon.colcon_core.package_identification:_identify(log) ignored
[0.575s] Level 1:colcon.colcon_core.package_identification:_identify(misc) by extensions ['ignore', 'ignore_ament_install']
[0.576s] Level 1:colcon.colcon_core.package_identification:_identify(misc) by extension 'ignore'
[0.576s] Level 1:colcon.colcon_core.package_identification:_identify(misc) by extension 'ignore_ament_install'
[0.576s] Level 1:colcon.colcon_core.package_identification:_identify(misc) by extensions ['colcon_pkg']
[0.576s] Level 1:colcon.colcon_core.package_identification:_identify(misc) by extension 'colcon_pkg'
[0.576s] Level 1:colcon.colcon_core.package_identification:_identify(misc) by extensions ['colcon_meta']
[0.576s] Level 1:colcon.colcon_core.package_identification:_identify(misc) by extension 'colcon_meta'
[0.576s] Level 1:colcon.colcon_core.package_identification:_identify(misc) by extensions ['ros']
[0.576s] Level 1:colcon.colcon_core.package_identification:_identify(misc) by extension 'ros'
[0.576s] Level 1:colcon.colcon_core.package_identification:_identify(misc) by extensions ['cmake', 'python']
[0.576s] Level 1:colcon.colcon_core.package_identification:_identify(misc) by extension 'cmake'
[0.576s] Level 1:colcon.colcon_core.package_identification:_identify(misc) by extension 'python'
[0.576s] Level 1:colcon.colcon_core.package_identification:_identify(misc) by extensions ['python_setup_py']
[0.576s] Level 1:colcon.colcon_core.package_identification:_identify(misc) by extension 'python_setup_py'
[0.577s] Level 1:colcon.colcon_core.package_identification:_identify(pddlstream) by extensions ['ignore', 'ignore_ament_install']
[0.577s] Level 1:colcon.colcon_core.package_identification:_identify(pddlstream) by extension 'ignore'
[0.577s] Level 1:colcon.colcon_core.package_identification:_identify(pddlstream) ignored
[0.577s] Level 1:colcon.colcon_core.package_identification:_identify(simulation) by extensions ['ignore', 'ignore_ament_install']
[0.577s] Level 1:colcon.colcon_core.package_identification:_identify(simulation) by extension 'ignore'
[0.577s] Level 1:colcon.colcon_core.package_identification:_identify(simulation) by extension 'ignore_ament_install'
[0.577s] Level 1:colcon.colcon_core.package_identification:_identify(simulation) by extensions ['colcon_pkg']
[0.577s] Level 1:colcon.colcon_core.package_identification:_identify(simulation) by extension 'colcon_pkg'
[0.577s] Level 1:colcon.colcon_core.package_identification:_identify(simulation) by extensions ['colcon_meta']
[0.578s] Level 1:colcon.colcon_core.package_identification:_identify(simulation) by extension 'colcon_meta'
[0.578s] Level 1:colcon.colcon_core.package_identification:_identify(simulation) by extensions ['ros']
[0.578s] Level 1:colcon.colcon_core.package_identification:_identify(simulation) by extension 'ros'
[0.578s] Level 1:colcon.colcon_core.package_identification:_identify(simulation) by extensions ['cmake', 'python']
[0.578s] Level 1:colcon.colcon_core.package_identification:_identify(simulation) by extension 'cmake'
[0.578s] Level 1:colcon.colcon_core.package_identification:_identify(simulation) by extension 'python'
[0.578s] Level 1:colcon.colcon_core.package_identification:_identify(simulation) by extensions ['python_setup_py']
[0.578s] Level 1:colcon.colcon_core.package_identification:_identify(simulation) by extension 'python_setup_py'
[0.578s] Level 1:colcon.colcon_core.package_identification:_identify(simulation/build) by extensions ['ignore', 'ignore_ament_install']
[0.578s] Level 1:colcon.colcon_core.package_identification:_identify(simulation/build) by extension 'ignore'
[0.579s] Level 1:colcon.colcon_core.package_identification:_identify(simulation/build) ignored
[0.579s] Level 1:colcon.colcon_core.package_identification:_identify(simulation/install) by extensions ['ignore', 'ignore_ament_install']
[0.579s] Level 1:colcon.colcon_core.package_identification:_identify(simulation/install) by extension 'ignore'
[0.579s] Level 1:colcon.colcon_core.package_identification:_identify(simulation/install) ignored
[0.579s] Level 1:colcon.colcon_core.package_identification:_identify(simulation/log) by extensions ['ignore', 'ignore_ament_install']
[0.580s] Level 1:colcon.colcon_core.package_identification:_identify(simulation/log) by extension 'ignore'
[0.580s] Level 1:colcon.colcon_core.package_identification:_identify(simulation/log) ignored
[0.580s] Level 1:colcon.colcon_core.package_identification:_identify(simulation/scenes) by extensions ['ignore', 'ignore_ament_install']
[0.580s] Level 1:colcon.colcon_core.package_identification:_identify(simulation/scenes) by extension 'ignore'
[0.580s] Level 1:colcon.colcon_core.package_identification:_identify(simulation/scenes) by extension 'ignore_ament_install'
[0.580s] Level 1:colcon.colcon_core.package_identification:_identify(simulation/scenes) by extensions ['colcon_pkg']
[0.580s] Level 1:colcon.colcon_core.package_identification:_identify(simulation/scenes) by extension 'colcon_pkg'
[0.580s] Level 1:colcon.colcon_core.package_identification:_identify(simulation/scenes) by extensions ['colcon_meta']
[0.580s] Level 1:colcon.colcon_core.package_identification:_identify(simulation/scenes) by extension 'colcon_meta'
[0.581s] Level 1:colcon.colcon_core.package_identification:_identify(simulation/scenes) by extensions ['ros']
[0.581s] Level 1:colcon.colcon_core.package_identification:_identify(simulation/scenes) by extension 'ros'
[0.581s] Level 1:colcon.colcon_core.package_identification:_identify(simulation/scenes) by extensions ['cmake', 'python']
[0.581s] Level 1:colcon.colcon_core.package_identification:_identify(simulation/scenes) by extension 'cmake'
[0.581s] Level 1:colcon.colcon_core.package_identification:_identify(simulation/scenes) by extension 'python'
[0.581s] Level 1:colcon.colcon_core.package_identification:_identify(simulation/scenes) by extensions ['python_setup_py']
[0.581s] Level 1:colcon.colcon_core.package_identification:_identify(simulation/scenes) by extension 'python_setup_py'
[0.581s] Level 1:colcon.colcon_core.package_identification:_identify(simulation/src) by extensions ['ignore', 'ignore_ament_install']
[0.581s] Level 1:colcon.colcon_core.package_identification:_identify(simulation/src) by extension 'ignore'
[0.581s] Level 1:colcon.colcon_core.package_identification:_identify(simulation/src) by extension 'ignore_ament_install'
[0.582s] Level 1:colcon.colcon_core.package_identification:_identify(simulation/src) by extensions ['colcon_pkg']
[0.582s] Level 1:colcon.colcon_core.package_identification:_identify(simulation/src) by extension 'colcon_pkg'
[0.582s] Level 1:colcon.colcon_core.package_identification:_identify(simulation/src) by extensions ['colcon_meta']
[0.582s] Level 1:colcon.colcon_core.package_identification:_identify(simulation/src) by extension 'colcon_meta'
[0.582s] Level 1:colcon.colcon_core.package_identification:_identify(simulation/src) by extensions ['ros']
[0.582s] Level 1:colcon.colcon_core.package_identification:_identify(simulation/src) by extension 'ros'
[0.582s] Level 1:colcon.colcon_core.package_identification:_identify(simulation/src) by extensions ['cmake', 'python']
[0.582s] Level 1:colcon.colcon_core.package_identification:_identify(simulation/src) by extension 'cmake'
[0.582s] Level 1:colcon.colcon_core.package_identification:_identify(simulation/src) by extension 'python'
[0.582s] Level 1:colcon.colcon_core.package_identification:_identify(simulation/src) by extensions ['python_setup_py']
[0.582s] Level 1:colcon.colcon_core.package_identification:_identify(simulation/src) by extension 'python_setup_py'
[0.582s] Level 1:colcon.colcon_core.package_identification:_identify(simulation/src/simulation) by extensions ['ignore', 'ignore_ament_install']
[0.583s] Level 1:colcon.colcon_core.package_identification:_identify(simulation/src/simulation) by extension 'ignore'
[0.583s] Level 1:colcon.colcon_core.package_identification:_identify(simulation/src/simulation) by extension 'ignore_ament_install'
[0.583s] Level 1:colcon.colcon_core.package_identification:_identify(simulation/src/simulation) by extensions ['colcon_pkg']
[0.583s] Level 1:colcon.colcon_core.package_identification:_identify(simulation/src/simulation) by extension 'colcon_pkg'
[0.583s] Level 1:colcon.colcon_core.package_identification:_identify(simulation/src/simulation) by extensions ['colcon_meta']
[0.583s] Level 1:colcon.colcon_core.package_identification:_identify(simulation/src/simulation) by extension 'colcon_meta'
[0.583s] Level 1:colcon.colcon_core.package_identification:_identify(simulation/src/simulation) by extensions ['ros']
[0.583s] Level 1:colcon.colcon_core.package_identification:_identify(simulation/src/simulation) by extension 'ros'
[0.596s] DEBUG:colcon.colcon_core.package_identification:Package 'simulation/src/simulation' with type 'ros.ament_python' and name 'simulation'
[0.597s] Level 1:colcon.colcon_core.package_identification:_identify(tampura) by extensions ['ignore', 'ignore_ament_install']
[0.597s] Level 1:colcon.colcon_core.package_identification:_identify(tampura) by extension 'ignore'
[0.597s] Level 1:colcon.colcon_core.package_identification:_identify(tampura) ignored
[0.597s] Level 1:colcon.colcon_core.package_discovery:discover_packages(recursive) using defaults
[0.597s] Level 1:colcon.colcon_core.package_discovery:discover_packages(ignore) discover
[0.597s] Level 1:colcon.colcon_core.package_discovery:discover_packages(ignore) using defaults
[0.597s] Level 1:colcon.colcon_core.package_discovery:discover_packages(path) discover
[0.597s] Level 1:colcon.colcon_core.package_discovery:discover_packages(path) using defaults
[0.631s] Level 1:colcon.colcon_core.package_discovery:discover_packages(prefix_path) check parameters
[0.631s] Level 1:colcon.colcon_core.package_discovery:discover_packages(prefix_path) discover
[0.636s] DEBUG:colcon.colcon_installed_package_information.package_discovery:Found 467 installed packages in /opt/ros/humble
[0.639s] Level 1:colcon.colcon_core.package_discovery:discover_packages(prefix_path) using defaults
[0.755s] Level 5:colcon.colcon_core.verb:set package 'simulation' build argument 'cmake_args' from command line to 'None'
[0.755s] Level 5:colcon.colcon_core.verb:set package 'simulation' build argument 'cmake_target' from command line to 'None'
[0.755s] Level 5:colcon.colcon_core.verb:set package 'simulation' build argument 'cmake_target_skip_unavailable' from command line to 'False'
[0.755s] Level 5:colcon.colcon_core.verb:set package 'simulation' build argument 'cmake_clean_cache' from command line to 'False'
[0.755s] Level 5:colcon.colcon_core.verb:set package 'simulation' build argument 'cmake_clean_first' from command line to 'False'
[0.755s] Level 5:colcon.colcon_core.verb:set package 'simulation' build argument 'cmake_force_configure' from command line to 'False'
[0.755s] Level 5:colcon.colcon_core.verb:set package 'simulation' build argument 'ament_cmake_args' from command line to 'None'
[0.755s] Level 5:colcon.colcon_core.verb:set package 'simulation' build argument 'catkin_cmake_args' from command line to 'None'
[0.755s] Level 5:colcon.colcon_core.verb:set package 'simulation' build argument 'catkin_skip_building_tests' from command line to 'False'
[0.755s] DEBUG:colcon.colcon_core.verb:Building package 'simulation' with the following arguments: {'ament_cmake_args': None, 'build_base': '/home/user/AetherPlan/build/simulation', 'catkin_cmake_args': None, 'catkin_skip_building_tests': False, 'cmake_args': None, 'cmake_clean_cache': False, 'cmake_clean_first': False, 'cmake_force_configure': False, 'cmake_target': None, 'cmake_target_skip_unavailable': False, 'install_base': '/home/user/AetherPlan/install/simulation', 'merge_install': False, 'path': '/home/user/AetherPlan/simulation/src/simulation', 'symlink_install': False, 'test_result_base': None}
[0.755s] INFO:colcon.colcon_core.executor:Executing jobs using 'parallel' executor
[0.756s] DEBUG:colcon.colcon_parallel_executor.executor.parallel:run_until_complete
[0.757s] INFO:colcon.colcon_ros.task.ament_python.build:Building ROS package in '/home/user/AetherPlan/simulation/src/simulation' with build type 'ament_python'
[0.757s] Level 1:colcon.colcon_core.shell:create_environment_hook('simulation', 'ament_prefix_path')
[0.761s] INFO:colcon.colcon_core.plugin_system:Skipping extension 'colcon_core.shell.bat': Not used on non-Windows systems
[0.761s] INFO:colcon.colcon_core.shell:Creating environment hook '/home/user/AetherPlan/install/simulation/share/simulation/hook/ament_prefix_path.ps1'
[0.762s] INFO:colcon.colcon_core.shell:Creating environment descriptor '/home/user/AetherPlan/install/simulation/share/simulation/hook/ament_prefix_path.dsv'
[0.763s] INFO:colcon.colcon_core.shell:Creating environment hook '/home/user/AetherPlan/install/simulation/share/simulation/hook/ament_prefix_path.sh'
[0.763s] INFO:colcon.colcon_core.shell:Skip shell extension 'powershell' for command environment: Not usable outside of PowerShell
[0.764s] DEBUG:colcon.colcon_core.shell:Skip shell extension 'dsv' for command environment
[1.095s] INFO:colcon.colcon_core.task.python.build:Building Python package in '/home/user/AetherPlan/simulation/src/simulation'
[1.095s] INFO:colcon.colcon_core.shell:Skip shell extension 'powershell' for command environment: Not usable outside of PowerShell
[1.095s] DEBUG:colcon.colcon_core.shell:Skip shell extension 'dsv' for command environment
[1.588s] DEBUG:colcon.colcon_core.event_handler.log_command:Invoking command in '/home/user/AetherPlan/simulation/src/simulation': PYTHONPATH=/home/user/AetherPlan/build/simulation/prefix_override:/usr/lib/python3/dist-packages/colcon_core/task/python/colcon_distutils_commands:/home/user/AetherPlan/install/simulation/lib/python3.10/site-packages:${PYTHONPATH} /usr/bin/python3 -W ignore:setup.py install is deprecated -W ignore:easy_install command is deprecated setup.py egg_info --egg-base ../../../build/simulation build --build-base /home/user/AetherPlan/build/simulation/build install --record /home/user/AetherPlan/build/simulation/install.log --single-version-externally-managed install_data
[1.973s] DEBUG:colcon.colcon_core.event_handler.log_command:Invoked command in '/home/user/AetherPlan/simulation/src/simulation' returned '0': PYTHONPATH=/home/user/AetherPlan/build/simulation/prefix_override:/usr/lib/python3/dist-packages/colcon_core/task/python/colcon_distutils_commands:/home/user/AetherPlan/install/simulation/lib/python3.10/site-packages:${PYTHONPATH} /usr/bin/python3 -W ignore:setup.py install is deprecated -W ignore:easy_install command is deprecated setup.py egg_info --egg-base ../../../build/simulation build --build-base /home/user/AetherPlan/build/simulation/build install --record /home/user/AetherPlan/build/simulation/install.log --single-version-externally-managed install_data
[1.978s] Level 1:colcon.colcon_core.environment:checking '/home/user/AetherPlan/install/simulation' for CMake module files
[1.978s] Level 1:colcon.colcon_core.environment:checking '/home/user/AetherPlan/install/simulation' for CMake config files
[1.979s] Level 1:colcon.colcon_core.environment:checking '/home/user/AetherPlan/install/simulation/lib'
[1.979s] Level 1:colcon.colcon_core.environment:checking '/home/user/AetherPlan/install/simulation/bin'
[1.979s] Level 1:colcon.colcon_core.environment:checking '/home/user/AetherPlan/install/simulation/lib/pkgconfig/simulation.pc'
[1.979s] Level 1:colcon.colcon_core.environment:checking '/home/user/AetherPlan/install/simulation/lib/python3.10/site-packages'
[1.979s] Level 1:colcon.colcon_core.shell:create_environment_hook('simulation', 'pythonpath')
[1.980s] INFO:colcon.colcon_core.shell:Creating environment hook '/home/user/AetherPlan/install/simulation/share/simulation/hook/pythonpath.ps1'
[1.980s] INFO:colcon.colcon_core.shell:Creating environment descriptor '/home/user/AetherPlan/install/simulation/share/simulation/hook/pythonpath.dsv'
[1.980s] INFO:colcon.colcon_core.shell:Creating environment hook '/home/user/AetherPlan/install/simulation/share/simulation/hook/pythonpath.sh'
[1.981s] Level 1:colcon.colcon_core.environment:checking '/home/user/AetherPlan/install/simulation/bin'
[1.981s] Level 1:colcon.colcon_core.environment:create_environment_scripts_only(simulation)
[1.981s] INFO:colcon.colcon_core.shell:Creating package script '/home/user/AetherPlan/install/simulation/share/simulation/package.ps1'
[1.982s] INFO:colcon.colcon_core.shell:Creating package descriptor '/home/user/AetherPlan/install/simulation/share/simulation/package.dsv'
[1.983s] INFO:colcon.colcon_core.shell:Creating package script '/home/user/AetherPlan/install/simulation/share/simulation/package.sh'
[1.984s] INFO:colcon.colcon_core.shell:Creating package script '/home/user/AetherPlan/install/simulation/share/simulation/package.bash'
[1.985s] INFO:colcon.colcon_core.shell:Creating package script '/home/user/AetherPlan/install/simulation/share/simulation/package.zsh'
[1.986s] Level 1:colcon.colcon_core.environment:create_file_with_runtime_dependencies(/home/user/AetherPlan/install/simulation/share/colcon-core/packages/simulation)
[1.986s] DEBUG:colcon.colcon_parallel_executor.executor.parallel:closing loop
[1.987s] DEBUG:colcon.colcon_parallel_executor.executor.parallel:loop closed
[1.987s] DEBUG:colcon.colcon_parallel_executor.executor.parallel:run_until_complete finished with '0'
[1.987s] DEBUG:colcon.colcon_core.event_reactor:joining thread
[1.994s] INFO:colcon.colcon_core.plugin_system:Skipping extension 'colcon_notification.desktop_notification.terminal_notifier': Not used on non-Darwin systems
[1.994s] INFO:colcon.colcon_core.plugin_system:Skipping extension 'colcon_notification.desktop_notification.win32': Not used on non-Windows systems
[1.994s] INFO:colcon.colcon_notification.desktop_notification:Sending desktop notification using 'notify2'
[2.009s] DEBUG:colcon.colcon_core.event_reactor:joined thread
[2.009s] INFO:colcon.colcon_core.shell:Creating prefix script '/home/user/AetherPlan/install/local_setup.ps1'
[2.010s] INFO:colcon.colcon_core.shell:Creating prefix util module '/home/user/AetherPlan/install/_local_setup_util_ps1.py'
[2.012s] INFO:colcon.colcon_core.shell:Creating prefix chain script '/home/user/AetherPlan/install/setup.ps1'
[2.013s] INFO:colcon.colcon_core.shell:Creating prefix script '/home/user/AetherPlan/install/local_setup.sh'
[2.014s] INFO:colcon.colcon_core.shell:Creating prefix util module '/home/user/AetherPlan/install/_local_setup_util_sh.py'
[2.014s] INFO:colcon.colcon_core.shell:Creating prefix chain script '/home/user/AetherPlan/install/setup.sh'
[2.015s] INFO:colcon.colcon_core.shell:Creating prefix script '/home/user/AetherPlan/install/local_setup.bash'
[2.016s] INFO:colcon.colcon_core.shell:Creating prefix chain script '/home/user/AetherPlan/install/setup.bash'
[2.018s] INFO:colcon.colcon_core.shell:Creating prefix script '/home/user/AetherPlan/install/local_setup.zsh'
[2.020s] INFO:colcon.colcon_core.shell:Creating prefix chain script '/home/user/AetherPlan/install/setup.zsh'
