running egg_info
creating ../../build/simulation/simulation.egg-info
writing ../../build/simulation/simulation.egg-info/PKG-INFO
writing dependency_links to ../../build/simulation/simulation.egg-info/dependency_links.txt
writing entry points to ../../build/simulation/simulation.egg-info/entry_points.txt
writing requirements to ../../build/simulation/simulation.egg-info/requires.txt
writing top-level names to ../../build/simulation/simulation.egg-info/top_level.txt
writing manifest file '../../build/simulation/simulation.egg-info/SOURCES.txt'
reading manifest file '../../build/simulation/simulation.egg-info/SOURCES.txt'
adding license file 'LICENSE'
writing manifest file '../../build/simulation/simulation.egg-info/SOURCES.txt'
running build
running build_py
creating /home/user/AetherPlan/simulation/build/simulation/build
creating /home/user/AetherPlan/simulation/build/simulation/build/lib
creating /home/user/AetherPlan/simulation/build/simulation/build/lib/simulation
copying simulation/coppelia_client.py -> /home/user/AetherPlan/simulation/build/simulation/build/lib/simulation
copying simulation/__init__.py -> /home/user/AetherPlan/simulation/build/simulation/build/lib/simulation
running install
running install_lib
creating /home/user/AetherPlan/simulation/install/simulation/lib/python3.10/site-packages/simulation
copying /home/user/AetherPlan/simulation/build/simulation/build/lib/simulation/coppelia_client.py -> /home/user/AetherPlan/simulation/install/simulation/lib/python3.10/site-packages/simulation
copying /home/user/AetherPlan/simulation/build/simulation/build/lib/simulation/__init__.py -> /home/user/AetherPlan/simulation/install/simulation/lib/python3.10/site-packages/simulation
byte-compiling /home/user/AetherPlan/simulation/install/simulation/lib/python3.10/site-packages/simulation/coppelia_client.py to coppelia_client.cpython-310.pyc
byte-compiling /home/user/AetherPlan/simulation/install/simulation/lib/python3.10/site-packages/simulation/__init__.py to __init__.cpython-310.pyc
running install_data
creating /home/user/AetherPlan/simulation/install/simulation/share/ament_index
creating /home/user/AetherPlan/simulation/install/simulation/share/ament_index/resource_index
creating /home/user/AetherPlan/simulation/install/simulation/share/ament_index/resource_index/packages
copying resource/simulation -> /home/user/AetherPlan/simulation/install/simulation/share/ament_index/resource_index/packages
copying package.xml -> /home/user/AetherPlan/simulation/install/simulation/share/simulation
running install_egg_info
Copying ../../build/simulation/simulation.egg-info to /home/user/AetherPlan/simulation/install/simulation/lib/python3.10/site-packages/simulation-0.0.0-py3.10.egg-info
running install_scripts
Installing coppelia_client script to /home/user/AetherPlan/simulation/install/simulation/lib/simulation
writing list of installed files to '/home/user/AetherPlan/simulation/build/simulation/install.log'
