[0.915s] Invoking command in '/home/user/AetherPlan/simulation/src/simulation': PYTHONPATH=/home/user/AetherPlan/simulation/build/simulation/prefix_override:/usr/lib/python3/dist-packages/colcon_core/task/python/colcon_distutils_commands:/home/user/AetherPlan/simulation/install/simulation/lib/python3.10/site-packages:${PYTHONPATH} /usr/bin/python3 -W ignore:setup.py install is deprecated -W ignore:easy_install command is deprecated setup.py egg_info --egg-base ../../build/simulation build --build-base /home/user/AetherPlan/simulation/build/simulation/build install --record /home/user/AetherPlan/simulation/build/simulation/install.log --single-version-externally-managed install_data
[1.224s] running egg_info
[1.225s] creating ../../build/simulation/simulation.egg-info
[1.225s] writing ../../build/simulation/simulation.egg-info/PKG-INFO
[1.226s] writing dependency_links to ../../build/simulation/simulation.egg-info/dependency_links.txt
[1.226s] writing entry points to ../../build/simulation/simulation.egg-info/entry_points.txt
[1.227s] writing requirements to ../../build/simulation/simulation.egg-info/requires.txt
[1.227s] writing top-level names to ../../build/simulation/simulation.egg-info/top_level.txt
[1.228s] writing manifest file '../../build/simulation/simulation.egg-info/SOURCES.txt'
[1.232s] reading manifest file '../../build/simulation/simulation.egg-info/SOURCES.txt'
[1.232s] adding license file 'LICENSE'
[1.233s] writing manifest file '../../build/simulation/simulation.egg-info/SOURCES.txt'
[1.233s] running build
[1.233s] running build_py
[1.234s] creating /home/user/AetherPlan/simulation/build/simulation/build
[1.234s] creating /home/user/AetherPlan/simulation/build/simulation/build/lib
[1.234s] creating /home/user/AetherPlan/simulation/build/simulation/build/lib/simulation
[1.234s] copying simulation/coppelia_client.py -> /home/user/AetherPlan/simulation/build/simulation/build/lib/simulation
[1.234s] copying simulation/__init__.py -> /home/user/AetherPlan/simulation/build/simulation/build/lib/simulation
[1.234s] running install
[1.235s] running install_lib
[1.236s] creating /home/user/AetherPlan/simulation/install/simulation/lib/python3.10/site-packages/simulation
[1.236s] copying /home/user/AetherPlan/simulation/build/simulation/build/lib/simulation/coppelia_client.py -> /home/user/AetherPlan/simulation/install/simulation/lib/python3.10/site-packages/simulation
[1.236s] copying /home/user/AetherPlan/simulation/build/simulation/build/lib/simulation/__init__.py -> /home/user/AetherPlan/simulation/install/simulation/lib/python3.10/site-packages/simulation
[1.238s] byte-compiling /home/user/AetherPlan/simulation/install/simulation/lib/python3.10/site-packages/simulation/coppelia_client.py to coppelia_client.cpython-310.pyc
[1.243s] byte-compiling /home/user/AetherPlan/simulation/install/simulation/lib/python3.10/site-packages/simulation/__init__.py to __init__.cpython-310.pyc
[1.245s] running install_data
[1.247s] creating /home/user/AetherPlan/simulation/install/simulation/share/ament_index
[1.249s] creating /home/user/AetherPlan/simulation/install/simulation/share/ament_index/resource_index
[1.250s] creating /home/user/AetherPlan/simulation/install/simulation/share/ament_index/resource_index/packages
[1.251s] copying resource/simulation -> /home/user/AetherPlan/simulation/install/simulation/share/ament_index/resource_index/packages
[1.251s] copying package.xml -> /home/user/AetherPlan/simulation/install/simulation/share/simulation
[1.252s] running install_egg_info
[1.260s] Copying ../../build/simulation/simulation.egg-info to /home/user/AetherPlan/simulation/install/simulation/lib/python3.10/site-packages/simulation-0.0.0-py3.10.egg-info
[1.262s] running install_scripts
[1.290s] Installing coppelia_client script to /home/user/AetherPlan/simulation/install/simulation/lib/simulation
[1.291s] writing list of installed files to '/home/user/AetherPlan/simulation/build/simulation/install.log'
[1.318s] Invoked command in '/home/user/AetherPlan/simulation/src/simulation' returned '0': PYTHONPATH=/home/user/AetherPlan/simulation/build/simulation/prefix_override:/usr/lib/python3/dist-packages/colcon_core/task/python/colcon_distutils_commands:/home/user/AetherPlan/simulation/install/simulation/lib/python3.10/site-packages:${PYTHONPATH} /usr/bin/python3 -W ignore:setup.py install is deprecated -W ignore:easy_install command is deprecated setup.py egg_info --egg-base ../../build/simulation build --build-base /home/user/AetherPlan/simulation/build/simulation/build install --record /home/user/AetherPlan/simulation/build/simulation/install.log --single-version-externally-managed install_data
